<?xml version="1.0" encoding="UTF-8"?>
<testng-results ignored="0" total="1" passed="1" failed="0" skipped="0">
  <reporter-output>
  </reporter-output>
  <suite started-at="2025-10-26T10:51:21 IST" name="SauceDemo Suite" finished-at="2025-10-26T10:51:28 IST" duration-ms="6353">
    <groups>
    </groups>
    <test started-at="2025-10-26T10:51:21 IST" name="SauceDemo Test" finished-at="2025-10-26T10:51:28 IST" duration-ms="6353">
      <class name="tests.TestSauceDemo">
        <test-method is-config="true" signature="setup()[pri:0, instance:tests.TestSauceDemo@62ddbd7e]" started-at="2025-10-26T10:51:21 IST" name="setup" finished-at="2025-10-26T10:51:26 IST" duration-ms="4586" status="PASS">
          <reporter-output>
          </reporter-output>
        </test-method> <!-- setup -->
        <test-method signature="test_complete_flow()[pri:0, instance:tests.TestSauceDemo@62ddbd7e]" started-at="2025-10-26T10:51:26 IST" name="test_complete_flow" finished-at="2025-10-26T10:51:27 IST" duration-ms="1239" status="PASS">
          <reporter-output>
          </reporter-output>
        </test-method> <!-- test_complete_flow -->
        <test-method is-config="true" signature="takeScreenshotOnFailure(org.testng.ITestResult)[pri:0, instance:tests.TestSauceDemo@62ddbd7e]" started-at="2025-10-26T10:51:27 IST" name="takeScreenshotOnFailure" finished-at="2025-10-26T10:51:27 IST" duration-ms="4" status="PASS">
          <params>
            <param index="0">
              <value>
                <![CDATA[[TestResult name=test_complete_flow status=SUCCESS method=TestSauceDemo.test_complete_flow()[pri:0, instance:tests.TestSauceDemo@62ddbd7e] output={null}]]]>
              </value>
            </param>
          </params>
          <reporter-output>
          </reporter-output>
        </test-method> <!-- takeScreenshotOnFailure -->
        <test-method is-config="true" signature="teardown()[pri:0, instance:tests.TestSauceDemo@62ddbd7e]" started-at="2025-10-26T10:51:27 IST" name="teardown" finished-at="2025-10-26T10:51:28 IST" duration-ms="433" status="PASS">
          <reporter-output>
          </reporter-output>
        </test-method> <!-- teardown -->
      </class> <!-- tests.TestSauceDemo -->
    </test> <!-- SauceDemo Test -->
  </suite> <!-- SauceDemo Suite -->
</testng-results>
