<?xml version="1.0" encoding="UTF-8"?>
<!-- Generated by org.testng.reporters.JUnitXMLReporter -->
<testsuite ignored="0" hostname="TF-392634374403" failures="0" tests="1" name="SauceDemo Test" time="0.091" errors="0" timestamp="2025-10-28T12:12:17 IST">
  <testcase classname="base.BaseTest" name="@BeforeClass setUp" time="0.013">
    <failure type="java.lang.RuntimeException" message=" Failed to load config.properties file!">
      <![CDATA[java.lang.RuntimeException:  Failed to load config.properties file!
at utilities.ConfigReader.loadConfig(ConfigReader.java:15)
at base.BaseTest.setUp(BaseTest.java:20)
at java.base/java.util.ArrayList.forEach(ArrayList.java:1596)
Caused by: java.io.FileNotFoundException: src\test\resources\config.properties (The system cannot find the path specified)
at java.base/java.io.FileInputStream.open0(Native Method)
at java.base/java.io.FileInputStream.open(FileInputStream.java:213)
at java.base/java.io.FileInputStream.<init>(FileInputStream.java:152)
at java.base/java.io.FileInputStream.<init>(FileInputStream.java:106)
at utilities.ConfigReader.loadConfig(ConfigReader.java:12)
... 25 more
... Removed 23 stack frames]]>
    </failure>
  </testcase> <!-- @BeforeClass setUp -->
  <testcase classname="base.BaseTest" name="@AfterClass tearDown" time="0.0">
    <skipped/>
  </testcase> <!-- @AfterClass tearDown -->
  <testcase classname="tests.TestSauceDemo" name="testCompleteFlow" time="0.0">
    <skipped/>
  </testcase> <!-- testCompleteFlow -->
</testsuite> <!-- SauceDemo Test -->
